  main.cpp
C:\Program Files\Microsoft Visual Studio\2022\Community\VC\Tools\MSVC\14.38.33130\include\filesystem(12): warning STL4038: The contents of <filesystem> are available only with C++17 or later.
C:\NGP_Project\CG-TeamProject\CG-TeamProject\Charactor.h(99,45): warning C4267: '인수': 'size_t'에서 '_Ty'(으)로 변환하면서 데이터가 손실될 수 있습니다.
C:\NGP_Project\CG-TeamProject\CG-TeamProject\Charactor.h(99,45): warning C4267:         with
C:\NGP_Project\CG-TeamProject\CG-TeamProject\Charactor.h(99,45): warning C4267:         [
C:\NGP_Project\CG-TeamProject\CG-TeamProject\Charactor.h(99,45): warning C4267:             _Ty=unsigned int
C:\NGP_Project\CG-TeamProject\CG-TeamProject\Charactor.h(99,45): warning C4267:         ]
  (소스 파일 'main.cpp'을(를) 컴파일하는 중)
  
C:\NGP_Project\CG-TeamProject\CG-TeamProject\Charactor.h(100,45): warning C4267: '인수': 'size_t'에서 '_Ty'(으)로 변환하면서 데이터가 손실될 수 있습니다.
C:\NGP_Project\CG-TeamProject\CG-TeamProject\Charactor.h(100,45): warning C4267:         with
C:\NGP_Project\CG-TeamProject\CG-TeamProject\Charactor.h(100,45): warning C4267:         [
C:\NGP_Project\CG-TeamProject\CG-TeamProject\Charactor.h(100,45): warning C4267:             _Ty=unsigned int
C:\NGP_Project\CG-TeamProject\CG-TeamProject\Charactor.h(100,45): warning C4267:         ]
  (소스 파일 'main.cpp'을(를) 컴파일하는 중)
  
C:\NGP_Project\CG-TeamProject\CG-TeamProject\Charactor.h(101,45): warning C4267: '인수': 'size_t'에서 '_Ty'(으)로 변환하면서 데이터가 손실될 수 있습니다.
C:\NGP_Project\CG-TeamProject\CG-TeamProject\Charactor.h(101,45): warning C4267:         with
C:\NGP_Project\CG-TeamProject\CG-TeamProject\Charactor.h(101,45): warning C4267:         [
C:\NGP_Project\CG-TeamProject\CG-TeamProject\Charactor.h(101,45): warning C4267:             _Ty=unsigned int
C:\NGP_Project\CG-TeamProject\CG-TeamProject\Charactor.h(101,45): warning C4267:         ]
  (소스 파일 'main.cpp'을(를) 컴파일하는 중)
  
C:\NGP_Project\CG-TeamProject\CG-TeamProject\main.cpp(899,56): warning C4267: '인수': 'size_t'에서 'GLsizei'(으)로 변환하면서 데이터가 손실될 수 있습니다.
C:\NGP_Project\CG-TeamProject\CG-TeamProject\main.cpp(907,64): warning C4267: '인수': 'size_t'에서 'GLsizei'(으)로 변환하면서 데이터가 손실될 수 있습니다.
C:\NGP_Project\CG-TeamProject\CG-TeamProject\main.cpp(915,58): warning C4267: '인수': 'size_t'에서 'GLsizei'(으)로 변환하면서 데이터가 손실될 수 있습니다.
C:\NGP_Project\CG-TeamProject\CG-TeamProject\main.cpp(923,55): warning C4267: '인수': 'size_t'에서 'GLsizei'(으)로 변환하면서 데이터가 손실될 수 있습니다.
C:\NGP_Project\CG-TeamProject\CG-TeamProject\main.cpp(1122,55): warning C4267: '인수': 'size_t'에서 'GLsizei'(으)로 변환하면서 데이터가 손실될 수 있습니다.
C:\NGP_Project\CG-TeamProject\CG-TeamProject\main.cpp(1130,55): warning C4267: '인수': 'size_t'에서 'GLsizei'(으)로 변환하면서 데이터가 손실될 수 있습니다.
C:\NGP_Project\CG-TeamProject\CG-TeamProject\main.cpp(1140,63): warning C4267: '인수': 'size_t'에서 'GLsizei'(으)로 변환하면서 데이터가 손실될 수 있습니다.
C:\NGP_Project\CG-TeamProject\CG-TeamProject\main.cpp(1148,63): warning C4267: '인수': 'size_t'에서 'GLsizei'(으)로 변환하면서 데이터가 손실될 수 있습니다.
C:\NGP_Project\CG-TeamProject\CG-TeamProject\main.cpp(1156,63): warning C4267: '인수': 'size_t'에서 'GLsizei'(으)로 변환하면서 데이터가 손실될 수 있습니다.
C:\NGP_Project\CG-TeamProject\CG-TeamProject\main.cpp(1164,63): warning C4267: '인수': 'size_t'에서 'GLsizei'(으)로 변환하면서 데이터가 손실될 수 있습니다.
C:\NGP_Project\CG-TeamProject\CG-TeamProject\main.cpp(1172,63): warning C4267: '인수': 'size_t'에서 'GLsizei'(으)로 변환하면서 데이터가 손실될 수 있습니다.
C:\NGP_Project\CG-TeamProject\CG-TeamProject\main.cpp(1180,63): warning C4267: '인수': 'size_t'에서 'GLsizei'(으)로 변환하면서 데이터가 손실될 수 있습니다.
C:\NGP_Project\CG-TeamProject\CG-TeamProject\main.cpp(1192,67): warning C4267: '인수': 'size_t'에서 'GLsizei'(으)로 변환하면서 데이터가 손실될 수 있습니다.
C:\NGP_Project\CG-TeamProject\CG-TeamProject\main.cpp(1201,69): warning C4267: '인수': 'size_t'에서 'GLsizei'(으)로 변환하면서 데이터가 손실될 수 있습니다.
C:\NGP_Project\CG-TeamProject\CG-TeamProject\main.cpp(1213,67): warning C4267: '인수': 'size_t'에서 'GLsizei'(으)로 변환하면서 데이터가 손실될 수 있습니다.
C:\NGP_Project\CG-TeamProject\CG-TeamProject\main.cpp(1222,69): warning C4267: '인수': 'size_t'에서 'GLsizei'(으)로 변환하면서 데이터가 손실될 수 있습니다.
C:\NGP_Project\CG-TeamProject\CG-TeamProject\main.cpp(1234,67): warning C4267: '인수': 'size_t'에서 'GLsizei'(으)로 변환하면서 데이터가 손실될 수 있습니다.
C:\NGP_Project\CG-TeamProject\CG-TeamProject\main.cpp(1243,69): warning C4267: '인수': 'size_t'에서 'GLsizei'(으)로 변환하면서 데이터가 손실될 수 있습니다.
C:\NGP_Project\CG-TeamProject\CG-TeamProject\main.cpp(1253,57): warning C4267: '인수': 'size_t'에서 'GLsizei'(으)로 변환하면서 데이터가 손실될 수 있습니다.
C:\NGP_Project\CG-TeamProject\CG-TeamProject\main.cpp(1261,58): warning C4267: '인수': 'size_t'에서 'GLsizei'(으)로 변환하면서 데이터가 손실될 수 있습니다.
C:\NGP_Project\CG-TeamProject\CG-TeamProject\main.cpp(1269,59): warning C4267: '인수': 'size_t'에서 'GLsizei'(으)로 변환하면서 데이터가 손실될 수 있습니다.
C:\NGP_Project\CG-TeamProject\CG-TeamProject\main.cpp(1277,63): warning C4267: '인수': 'size_t'에서 'GLsizei'(으)로 변환하면서 데이터가 손실될 수 있습니다.
C:\NGP_Project\CG-TeamProject\CG-TeamProject\main.cpp(1288,66): warning C4267: '인수': 'size_t'에서 'GLsizei'(으)로 변환하면서 데이터가 손실될 수 있습니다.
C:\NGP_Project\CG-TeamProject\CG-TeamProject\main.cpp(1298,66): warning C4267: '인수': 'size_t'에서 'GLsizei'(으)로 변환하면서 데이터가 손실될 수 있습니다.
C:\NGP_Project\CG-TeamProject\CG-TeamProject\main.cpp(1308,66): warning C4267: '인수': 'size_t'에서 'GLsizei'(으)로 변환하면서 데이터가 손실될 수 있습니다.
C:\NGP_Project\CG-TeamProject\CG-TeamProject\main.cpp(1318,64): warning C4267: '인수': 'size_t'에서 'GLsizei'(으)로 변환하면서 데이터가 손실될 수 있습니다.
C:\NGP_Project\CG-TeamProject\CG-TeamProject\main.cpp(1326,67): warning C4267: '인수': 'size_t'에서 'GLsizei'(으)로 변환하면서 데이터가 손실될 수 있습니다.
C:\NGP_Project\CG-TeamProject\CG-TeamProject\main.cpp(1335,61): warning C4267: '인수': 'size_t'에서 'GLsizei'(으)로 변환하면서 데이터가 손실될 수 있습니다.
C:\NGP_Project\CG-TeamProject\CG-TeamProject\main.cpp(1346,64): warning C4267: '인수': 'size_t'에서 'GLsizei'(으)로 변환하면서 데이터가 손실될 수 있습니다.
C:\NGP_Project\CG-TeamProject\CG-TeamProject\main.cpp(1354,67): warning C4267: '인수': 'size_t'에서 'GLsizei'(으)로 변환하면서 데이터가 손실될 수 있습니다.
C:\NGP_Project\CG-TeamProject\CG-TeamProject\main.cpp(1363,61): warning C4267: '인수': 'size_t'에서 'GLsizei'(으)로 변환하면서 데이터가 손실될 수 있습니다.
C:\NGP_Project\CG-TeamProject\CG-TeamProject\main.cpp(1374,64): warning C4267: '인수': 'size_t'에서 'GLsizei'(으)로 변환하면서 데이터가 손실될 수 있습니다.
C:\NGP_Project\CG-TeamProject\CG-TeamProject\main.cpp(1382,67): warning C4267: '인수': 'size_t'에서 'GLsizei'(으)로 변환하면서 데이터가 손실될 수 있습니다.
C:\NGP_Project\CG-TeamProject\CG-TeamProject\main.cpp(1391,61): warning C4267: '인수': 'size_t'에서 'GLsizei'(으)로 변환하면서 데이터가 손실될 수 있습니다.
C:\NGP_Project\CG-TeamProject\CG-TeamProject\main.cpp(1402,64): warning C4267: '인수': 'size_t'에서 'GLsizei'(으)로 변환하면서 데이터가 손실될 수 있습니다.
C:\NGP_Project\CG-TeamProject\CG-TeamProject\main.cpp(1410,67): warning C4267: '인수': 'size_t'에서 'GLsizei'(으)로 변환하면서 데이터가 손실될 수 있습니다.
C:\NGP_Project\CG-TeamProject\CG-TeamProject\main.cpp(1419,61): warning C4267: '인수': 'size_t'에서 'GLsizei'(으)로 변환하면서 데이터가 손실될 수 있습니다.
C:\NGP_Project\CG-TeamProject\CG-TeamProject\main.cpp(1430,64): warning C4267: '인수': 'size_t'에서 'GLsizei'(으)로 변환하면서 데이터가 손실될 수 있습니다.
C:\NGP_Project\CG-TeamProject\CG-TeamProject\main.cpp(1438,67): warning C4267: '인수': 'size_t'에서 'GLsizei'(으)로 변환하면서 데이터가 손실될 수 있습니다.
C:\NGP_Project\CG-TeamProject\CG-TeamProject\main.cpp(1447,61): warning C4267: '인수': 'size_t'에서 'GLsizei'(으)로 변환하면서 데이터가 손실될 수 있습니다.
C:\NGP_Project\CG-TeamProject\CG-TeamProject\main.cpp(1454,34): warning C4326: 'main'의 반환 형식이 'int'이어야 하는데 'void'입니다.
  코드를 생성하고 있습니다.
  Previous IPDB and IOBJ mismatch, fall back to full compilation.
  All 578 functions were compiled because no usable IPDB/IOBJ from previous compilation was found.
  코드를 생성했습니다.
  CG-TeamProject.vcxproj -> C:\NGP_Project\CG-TeamProject\x64\Release\CG-TeamProject.exe
